#
# A fatal error has been detected by the Java Runtime Environment:
#
#  EXCEPTION_ACCESS_VIOLATION (0xc0000005) at pc=0x00000000603d0fca, pid=9292, tid=0x0000000000000ffc
#
# JRE version: Java(TM) SE Runtime Environment (8.0_131-b11) (build 1.8.0_131-b11)
# Java VM: Java HotSpot(TM) 64-Bit Server VM (25.131-b11 mixed mode windows-amd64 compressed oops)
# Problematic frame:
# V  [jvm.dll+0x510fca]
#
# Failed to write core dump. Minidumps are not enabled by default on client versions of Windows
#
# If you would like to submit a bug report, please visit:
#   http://bugreport.java.com/bugreport/crash.jsp
#

---------------  T H R E A D  ---------------

Current thread (0x00000000155bc800):  JavaThread "C2 CompilerThread0" daemon [_thread_in_native, id=4092, stack(0x0000000016c50000,0x0000000016d50000)]

siginfo: ExceptionCode=0xc0000005, reading address 0xffffffffffffffff

Registers:
RAX=0x00000000170b0da0, RBX=0x00020000170b0c00, RCX=0x0000000000000001, RDX=0x000000000000010a
RSP=0x0000000016d4c430, RBP=0x00000000170b0d10, RSI=0x0000000000000001, RDI=0x0000000000000001
R8 =0x0000000018219660, R9 =0x00000000170aaf80, R10=0x0000000000000000, R11=0x000000001820da10
R12=0x0000000016d4c840, R13=0x0000000000000150, R14=0x0000000000000a80, R15=0x0000000015585c00
RIP=0x00000000603d0fca, EFLAGS=0x0000000000010293

Top of Stack: (sp=0x0000000016d4c430)
0x0000000016d4c430:   000000000000025c 0000000000000001
0x0000000016d4c440:   0000000000000001 00000000170aaf80
0x0000000016d4c450:   0000000016d4c460 00000000000ab360
0x0000000016d4c460:   0000010a0000010a 0000000000000000
0x0000000016d4c470:   0000000000000007 00000000181ddaa0
0x0000000016d4c480:   00000000180eee50 0000000017f4ecf8
0x0000000016d4c490:   0000000017f4e920 0000000000000000
0x0000000016d4c4a0:   00000000000003d8 0000000016d4c840
0x0000000016d4c4b0:   0000000017f4e910 0000000016d4c5d0
0x0000000016d4c4c0:   0000000016d4c950 00000000603294ab
0x0000000016d4c4d0:   00000000181dda50 00000000181ddaa0
0x0000000016d4c4e0:   00000000181e5a38 00000000000e6f18
0x0000000016d4c4f0:   0000000000000002 0000000017f4e910
0x0000000016d4c500:   0000000017b57fe0 0000000017b5caa0
0x0000000016d4c510:   0000000017b5ffc8 000000000029e8a0
0x0000000016d4c520:   0000000000000002 000000001707d3b0 

Instructions: (pc=0x00000000603d0fca)
0x00000000603d0faa:   8b 2c 06 39 7d 28 0f 86 9b 00 00 00 3b 7d 18 73
0x00000000603d0fba:   0c 48 8b 45 20 8b cf 48 8b 1c c8 eb 03 49 8b da
0x00000000603d0fca:   0f b6 43 2c 24 0f 3c 0c 74 72 be 01 00 00 00 39
0x00000000603d0fda:   73 18 76 29 66 90 48 8d 44 24 30 4c 8b cd 44 8b 


Register to memory mapping:

RAX=0x00000000170b0da0 is an unknown value
RBX=0x00020000170b0c00 is an unknown value
RCX=0x0000000000000001 is an unknown value
RDX=0x000000000000010a is an unknown value
RSP=0x0000000016d4c430 is pointing into the stack for thread: 0x00000000155bc800
RBP=0x00000000170b0d10 is an unknown value
RSI=0x0000000000000001 is an unknown value
RDI=0x0000000000000001 is an unknown value
R8 =0x0000000018219660 is an unknown value
R9 =0x00000000170aaf80 is an unknown value
R10=0x0000000000000000 is an unknown value
R11=0x000000001820da10 is an unknown value
R12=0x0000000016d4c840 is pointing into the stack for thread: 0x00000000155bc800
R13=0x0000000000000150 is an unknown value
R14=0x0000000000000a80 is an unknown value
R15=0x0000000015585c00 is an unknown value


Stack: [0x0000000016c50000,0x0000000016d50000],  sp=0x0000000016d4c430,  free space=1009k
Native frames: (J=compiled Java code, j=interpreted, Vv=VM code, C=native code)
V  [jvm.dll+0x510fca]
V  [jvm.dll+0x4694ab]
V  [jvm.dll+0x47465b]
V  [jvm.dll+0x476f67]
V  [jvm.dll+0x4599f2]
V  [jvm.dll+0xa5de2]
V  [jvm.dll+0xa671f]
V  [jvm.dll+0x24537f]
V  [jvm.dll+0x29cc1a]
C  [msvcr100.dll+0x21d9f]
C  [msvcr100.dll+0x21e3b]
C  [KERNEL32.DLL+0x13034]
C  [ntdll.dll+0x71431]


Current CompileTask:
C2:   1552  772 % !   4       sun.awt.image.PNGImageDecoder::produceImage @ 960 (1916 bytes)


---------------  P R O C E S S  ---------------

Java Threads: ( => current thread )
  0x0000000002f50800 JavaThread "DestroyJavaVM" [_thread_blocked, id=2576, stack(0x0000000002e50000,0x0000000002f50000)]
  0x0000000017e4d800 JavaThread "Image Fetcher 3" daemon [_thread_blocked, id=4424, stack(0x000000001a2f0000,0x000000001a3f0000)]
  0x0000000017dec000 JavaThread "Image Fetcher 2" daemon [_thread_blocked, id=4820, stack(0x000000001a1f0000,0x000000001a2f0000)]
  0x0000000017dcd800 JavaThread "Image Fetcher 1" daemon [_thread_blocked, id=9008, stack(0x000000001a0f0000,0x000000001a1f0000)]
  0x0000000017dcc800 JavaThread "TimerQueue" daemon [_thread_blocked, id=5024, stack(0x0000000019ff0000,0x000000001a0f0000)]
  0x0000000017d21800 JavaThread "AWT-EventQueue-0" [_thread_blocked, id=6996, stack(0x0000000018e30000,0x0000000018f30000)]
  0x0000000017c72000 JavaThread "Image Fetcher 0" daemon [_thread_blocked, id=4932, stack(0x0000000018d30000,0x0000000018e30000)]
  0x00000000171e4000 JavaThread "AWT-Windows" daemon [_thread_in_native, id=1816, stack(0x0000000018620000,0x0000000018720000)]
  0x0000000017283000 JavaThread "AWT-Shutdown" [_thread_blocked, id=9128, stack(0x0000000018520000,0x0000000018620000)]
  0x0000000017282000 JavaThread "Java2D Disposer" daemon [_thread_blocked, id=8004, stack(0x0000000018420000,0x0000000018520000)]
  0x0000000016f79800 JavaThread "Service Thread" daemon [_thread_blocked, id=9432, stack(0x0000000017350000,0x0000000017450000)]
  0x00000000155d0000 JavaThread "C1 CompilerThread2" daemon [_thread_blocked, id=8436, stack(0x0000000016e50000,0x0000000016f50000)]
  0x00000000155c0000 JavaThread "C2 CompilerThread1" daemon [_thread_blocked, id=7132, stack(0x0000000016d50000,0x0000000016e50000)]
=>0x00000000155bc800 JavaThread "C2 CompilerThread0" daemon [_thread_in_native, id=4092, stack(0x0000000016c50000,0x0000000016d50000)]
  0x00000000155bb000 JavaThread "Attach Listener" daemon [_thread_blocked, id=2548, stack(0x0000000016b50000,0x0000000016c50000)]
  0x00000000155b9800 JavaThread "Signal Dispatcher" daemon [_thread_blocked, id=2244, stack(0x0000000016a50000,0x0000000016b50000)]
  0x0000000003049800 JavaThread "Finalizer" daemon [_thread_blocked, id=10132, stack(0x0000000016840000,0x0000000016940000)]
  0x0000000003041000 JavaThread "Reference Handler" daemon [_thread_blocked, id=9920, stack(0x0000000016740000,0x0000000016840000)]

Other Threads:
  0x0000000015587000 VMThread [stack: 0x0000000016640000,0x0000000016740000] [id=7468]
  0x0000000016f9c800 WatcherThread [stack: 0x0000000017450000,0x0000000017550000] [id=1196]

VM state:not at safepoint (normal execution)

VM Mutex/Monitor currently owned by a thread: None

Heap:
 PSYoungGen      total 18432K, used 15300K [0x00000000eb700000, 0x00000000ecb80000, 0x0000000100000000)
  eden space 15872K, 96% used [0x00000000eb700000,0x00000000ec5f1140,0x00000000ec680000)
  from space 2560K, 0% used [0x00000000ec900000,0x00000000ec900000,0x00000000ecb80000)
  to   space 2560K, 0% used [0x00000000ec680000,0x00000000ec680000,0x00000000ec900000)
 ParOldGen       total 42496K, used 0K [0x00000000c2400000, 0x00000000c4d80000, 0x00000000eb700000)
  object space 42496K, 0% used [0x00000000c2400000,0x00000000c2400000,0x00000000c4d80000)
 Metaspace       used 13302K, capacity 13548K, committed 13824K, reserved 1060864K
  class space    used 1602K, capacity 1683K, committed 1792K, reserved 1048576K

Card table byte_map: [0x0000000012410000,0x0000000012600000] byte_map_base: 0x0000000011dfe000

Marking Bits: (ParMarkBitMap*) 0x00000000606dc720
 Begin Bits: [0x0000000012b50000, 0x0000000013ac0000)
 End Bits:   [0x0000000013ac0000, 0x0000000014a30000)

Polling page: 0x0000000000df0000

CodeCache: size=245760Kb used=2935Kb max_used=2949Kb free=242824Kb
 bounds [0x0000000003050000, 0x0000000003340000, 0x0000000012050000]
 total_blobs=1274 nmethods=784 adapters=403
 compilation: enabled

Compilation events (10 events):
Event: 1.345 Thread 0x00000000155c0000  782       4       sun.awt.image.PNGImageDecoder::filterRow (459 bytes)
Event: 1.366 Thread 0x00000000155d0000  783   !   3       javax.swing.RepaintManager::addDirtyRegion0 (205 bytes)
Event: 1.368 Thread 0x00000000155d0000 nmethod 783 0x000000000332e390 code [0x000000000332e660, 0x0000000003330208]
Event: 1.368 Thread 0x00000000155d0000  784       3       javax.swing.JComponent::repaint (19 bytes)
Event: 1.368 Thread 0x00000000155d0000 nmethod 784 0x0000000003321710 code [0x00000000033218e0, 0x0000000003321fb8]
Event: 1.368 Thread 0x00000000155d0000  785       3       javax.swing.RepaintManager::addDirtyRegion (37 bytes)
Event: 1.368 Thread 0x00000000155d0000 nmethod 785 0x0000000003321090 code [0x0000000003321220, 0x0000000003321568]
Event: 1.368 Thread 0x00000000155d0000  786       3       java.awt.Component::repaint (16 bytes)
Event: 1.369 Thread 0x00000000155d0000 nmethod 786 0x0000000003323990 code [0x0000000003323b00, 0x0000000003323d28]
Event: 1.373 Thread 0x00000000155c0000 nmethod 782 0x0000000003322a50 code [0x0000000003322ba0, 0x0000000003323698]

GC Heap History (0 events):
No events

Deoptimization events (8 events):
Event: 0.820 Thread 0x0000000002f50800 Uncommon trap: reason=unstable_if action=reinterpret pc=0x00000000031a5328 method=java.lang.String.startsWith(Ljava/lang/String;I)Z @ 25
Event: 1.028 Thread 0x0000000002f50800 Uncommon trap: reason=unstable_if action=reinterpret pc=0x00000000031b75c0 method=java.lang.CharacterData.of(I)Ljava/lang/CharacterData; @ 4
Event: 1.091 Thread 0x0000000002f50800 Uncommon trap: reason=class_check action=maybe_recompile pc=0x000000000327d7ac method=java.util.HashMap.putVal(ILjava/lang/Object;Ljava/lang/Object;ZZ)Ljava/lang/Object; @ 203
Event: 1.141 Thread 0x0000000002f50800 Uncommon trap: reason=class_check action=maybe_recompile pc=0x0000000003211b28 method=java.lang.String.equals(Ljava/lang/Object;)Z @ 8
Event: 1.143 Thread 0x0000000002f50800 Uncommon trap: reason=class_check action=maybe_recompile pc=0x0000000003211b28 method=java.lang.String.equals(Ljava/lang/Object;)Z @ 8
Event: 1.143 Thread 0x0000000002f50800 Uncommon trap: reason=class_check action=maybe_recompile pc=0x0000000003211b28 method=java.lang.String.equals(Ljava/lang/Object;)Z @ 8
Event: 1.143 Thread 0x0000000002f50800 Uncommon trap: reason=class_check action=maybe_recompile pc=0x0000000003211b28 method=java.lang.String.equals(Ljava/lang/Object;)Z @ 8
Event: 1.200 Thread 0x0000000017d21800 Uncommon trap: reason=predicate action=maybe_recompile pc=0x00000000032c8a68 method=java.util.ArrayList.indexOf(Ljava/lang/Object;)I @ 44

Internal exceptions (10 events):
Event: 0.045 Thread 0x0000000002f50800 Exception <a 'java/lang/NoSuchMethodError': Method sun.misc.Unsafe.defineClass(Ljava/lang/String;[BII)Ljava/lang/Class; name or signature does not match> (0x00000000eb707ca8) thrown at [C:\re\workspace\8-2-build-windows-amd64-cygwin\jdk8u131\8869\hotspot\
Event: 0.045 Thread 0x0000000002f50800 Exception <a 'java/lang/NoSuchMethodError': Method sun.misc.Unsafe.prefetchRead(Ljava/lang/Object;J)V name or signature does not match> (0x00000000eb707f90) thrown at [C:\re\workspace\8-2-build-windows-amd64-cygwin\jdk8u131\8869\hotspot\src\share\vm\prims
Event: 0.221 Thread 0x0000000002f50800 Exception <a 'java/security/PrivilegedActionException'> (0x00000000eb8927b8) thrown at [C:\re\workspace\8-2-build-windows-amd64-cygwin\jdk8u131\8869\hotspot\src\share\vm\prims\jvm.cpp, line 1390]
Event: 0.221 Thread 0x0000000002f50800 Exception <a 'java/security/PrivilegedActionException'> (0x00000000eb892bb0) thrown at [C:\re\workspace\8-2-build-windows-amd64-cygwin\jdk8u131\8869\hotspot\src\share\vm\prims\jvm.cpp, line 1390]
Event: 0.222 Thread 0x0000000002f50800 Exception <a 'java/security/PrivilegedActionException'> (0x00000000eb896ca8) thrown at [C:\re\workspace\8-2-build-windows-amd64-cygwin\jdk8u131\8869\hotspot\src\share\vm\prims\jvm.cpp, line 1390]
Event: 0.222 Thread 0x0000000002f50800 Exception <a 'java/security/PrivilegedActionException'> (0x00000000eb8970a0) thrown at [C:\re\workspace\8-2-build-windows-amd64-cygwin\jdk8u131\8869\hotspot\src\share\vm\prims\jvm.cpp, line 1390]
Event: 0.667 Thread 0x0000000002f50800 Exception <a 'java/io/FileNotFoundException'> (0x00000000ebc2b950) thrown at [C:\re\workspace\8-2-build-windows-amd64-cygwin\jdk8u131\8869\hotspot\src\share\vm\prims\jni.cpp, line 709]
Event: 0.711 Thread 0x0000000002f50800 Exception <a 'java/lang/NoSuchFieldError': method resolution failed> (0x00000000ebcf8008) thrown at [C:\re\workspace\8-2-build-windows-amd64-cygwin\jdk8u131\8869\hotspot\src\share\vm\prims\methodHandles.cpp, line 1146]
Event: 0.714 Thread 0x0000000002f50800 Exception <a 'java/lang/NoSuchFieldError': method resolution failed> (0x00000000ebd053b8) thrown at [C:\re\workspace\8-2-build-windows-amd64-cygwin\jdk8u131\8869\hotspot\src\share\vm\prims\methodHandles.cpp, line 1146]
Event: 0.765 Thread 0x0000000002f50800 Exception <a 'java/io/FileNotFoundException'> (0x00000000ebd98858) thrown at [C:\re\workspace\8-2-build-windows-amd64-cygwin\jdk8u131\8869\hotspot\src\share\vm\prims\jni.cpp, line 709]

Events (10 events):
Event: 1.289 loading class view/HomeJFrame$10
Event: 1.289 loading class view/HomeJFrame$10 done
Event: 1.292 loading class view/HomeJFrame$11
Event: 1.292 loading class view/HomeJFrame$11 done
Event: 1.331 loading class view/HomeJFrame$12
Event: 1.331 loading class view/HomeJFrame$12 done
Event: 1.365 Thread 0x0000000017e4d800 DEOPT PACKING pc=0x00000000032e426e sp=0x000000001a3eee90
Event: 1.365 Thread 0x0000000017e4d800 DEOPT UNPACKING pc=0x000000000309787f sp=0x000000001a3eeb88 mode 0
Event: 1.366 Thread 0x0000000002f50800 Thread exited: 0x0000000002f50800
Event: 1.366 Thread 0x0000000002f50800 Thread added: 0x0000000002f50800


Dynamic libraries:
0x00007ff6fffa0000 - 0x00007ff6fffd7000 	C:\Program Files\Java\jdk1.8.0_131\bin\java.exe
0x00007ffade310000 - 0x00007ffade4f1000 	C:\WINDOWS\SYSTEM32\ntdll.dll
0x00007ffadd690000 - 0x00007ffadd742000 	C:\WINDOWS\System32\KERNEL32.DLL
0x00007ffadb300000 - 0x00007ffadb573000 	C:\WINDOWS\System32\KERNELBASE.dll
0x00007ffadba50000 - 0x00007ffadbaf1000 	C:\WINDOWS\System32\ADVAPI32.dll
0x00007ffaddc10000 - 0x00007ffaddcae000 	C:\WINDOWS\System32\msvcrt.dll
0x00007ffadd0b0000 - 0x00007ffadd10b000 	C:\WINDOWS\System32\sechost.dll
0x00007ffadd560000 - 0x00007ffadd684000 	C:\WINDOWS\System32\RPCRT4.dll
0x00007ffadda80000 - 0x00007ffaddc10000 	C:\WINDOWS\System32\USER32.dll
0x00007ffada6e0000 - 0x00007ffada700000 	C:\WINDOWS\System32\win32u.dll
0x00007ffade090000 - 0x00007ffade0b8000 	C:\WINDOWS\System32\GDI32.dll
0x00007ffadb600000 - 0x00007ffadb792000 	C:\WINDOWS\System32\gdi32full.dll
0x00007ffadafc0000 - 0x00007ffadb05f000 	C:\WINDOWS\System32\msvcp_win.dll
0x00007ffada750000 - 0x00007ffada84a000 	C:\WINDOWS\System32\ucrtbase.dll
0x00007ffacb2a0000 - 0x00007ffacb509000 	C:\WINDOWS\WinSxS\amd64_microsoft.windows.common-controls_6595b64144ccf1df_6.0.17134.165_none_fb429645306569ac\COMCTL32.dll
0x00007ffadd750000 - 0x00007ffadda73000 	C:\WINDOWS\System32\combase.dll
0x00007ffadb580000 - 0x00007ffadb5fa000 	C:\WINDOWS\System32\bcryptPrimitives.dll
0x00007ffade160000 - 0x00007ffade18d000 	C:\WINDOWS\System32\IMM32.DLL
0x000000005fde0000 - 0x000000005feb2000 	C:\Program Files\Java\jdk1.8.0_131\jre\bin\msvcr100.dll
0x000000005fec0000 - 0x000000006075c000 	C:\Program Files\Java\jdk1.8.0_131\jre\bin\server\jvm.dll
0x00007ffadd0a0000 - 0x00007ffadd0a8000 	C:\WINDOWS\System32\PSAPI.DLL
0x00007ffac8de0000 - 0x00007ffac8de9000 	C:\WINDOWS\SYSTEM32\WSOCK32.dll
0x00007ffad6610000 - 0x00007ffad6633000 	C:\WINDOWS\SYSTEM32\WINMM.dll
0x00007ffade0f0000 - 0x00007ffade15c000 	C:\WINDOWS\System32\WS2_32.dll
0x00007ffacdbb0000 - 0x00007ffacdbba000 	C:\WINDOWS\SYSTEM32\VERSION.dll
0x00007ffad65e0000 - 0x00007ffad660a000 	C:\WINDOWS\SYSTEM32\WINMMBASE.dll
0x00007ffada700000 - 0x00007ffada749000 	C:\WINDOWS\System32\cfgmgr32.dll
0x000000005fd90000 - 0x000000005fd9f000 	C:\Program Files\Java\jdk1.8.0_131\jre\bin\verify.dll
0x000000005fd60000 - 0x000000005fd89000 	C:\Program Files\Java\jdk1.8.0_131\jre\bin\java.dll
0x000000005fd40000 - 0x000000005fd56000 	C:\Program Files\Java\jdk1.8.0_131\jre\bin\zip.dll
0x00007ffadbb00000 - 0x00007ffadcf40000 	C:\WINDOWS\System32\SHELL32.dll
0x00007ffadb9a0000 - 0x00007ffadba49000 	C:\WINDOWS\System32\shcore.dll
0x00007ffada8b0000 - 0x00007ffadafbd000 	C:\WINDOWS\System32\windows.storage.dll
0x00007ffadcf40000 - 0x00007ffadcf91000 	C:\WINDOWS\System32\shlwapi.dll
0x00007ffada690000 - 0x00007ffada6a1000 	C:\WINDOWS\System32\kernel.appcore.dll
0x00007ffada620000 - 0x00007ffada63f000 	C:\WINDOWS\System32\profapi.dll
0x00007ffada640000 - 0x00007ffada68c000 	C:\WINDOWS\System32\powrprof.dll
0x00007ffada6d0000 - 0x00007ffada6da000 	C:\WINDOWS\System32\FLTLIB.DLL
0x000000005fd20000 - 0x000000005fd3a000 	C:\Program Files\Java\jdk1.8.0_131\jre\bin\net.dll
0x00007ffad9e40000 - 0x00007ffad9ea6000 	C:\WINDOWS\system32\mswsock.dll
0x00007ffad9c00000 - 0x00007ffad9cbe000 	C:\WINDOWS\SYSTEM32\DNSAPI.dll
0x00007ffade0e0000 - 0x00007ffade0e8000 	C:\WINDOWS\System32\NSI.dll
0x00007ffad9bc0000 - 0x00007ffad9bf8000 	C:\WINDOWS\SYSTEM32\IPHLPAPI.DLL
0x00007ffad2e60000 - 0x00007ffad2e6a000 	C:\Windows\System32\rasadhlp.dll
0x00007ffad38f0000 - 0x00007ffad3962000 	C:\WINDOWS\System32\fwpuclnt.dll
0x00007ffada180000 - 0x00007ffada1a5000 	C:\WINDOWS\SYSTEM32\bcrypt.dll
0x000000005fb60000 - 0x000000005fcf8000 	C:\Program Files\Java\jdk1.8.0_131\jre\bin\awt.dll
0x00007ffade210000 - 0x00007ffade2d2000 	C:\WINDOWS\System32\OLEAUT32.dll
0x00007ffad89a0000 - 0x00007ffad8a2b000 	C:\WINDOWS\SYSTEM32\apphelp.dll
0x00007ffad8db0000 - 0x00007ffad8dd9000 	C:\WINDOWS\system32\DWMAPI.DLL
0x00007ffad8b10000 - 0x00007ffad8ba8000 	C:\WINDOWS\system32\uxtheme.dll
0x00007ffab6180000 - 0x00007ffab62a0000 	C:\WINDOWS\system32\opengl32.dll
0x00007ffac9e80000 - 0x00007ffac9eac000 	C:\WINDOWS\SYSTEM32\GLU32.dll
0x00007ffaddda0000 - 0x00007ffaddf15000 	C:\WINDOWS\System32\MSCTF.dll
0x00007ffaddf30000 - 0x00007ffade081000 	C:\WINDOWS\System32\ole32.dll
0x000000005fb10000 - 0x000000005fb57000 	C:\Program Files\Java\jdk1.8.0_131\jre\bin\fontmanager.dll
0x00007ffadcfa0000 - 0x00007ffadd040000 	C:\WINDOWS\System32\clbcatq.dll
0x00007ffad4e80000 - 0x00007ffad502e000 	C:\WINDOWS\SYSTEM32\WindowsCodecs.dll
0x00007ffac0e90000 - 0x00007ffac0ee8000 	C:\WINDOWS\system32\dataexchange.dll
0x00007ffad79e0000 - 0x00007ffad7ceb000 	C:\WINDOWS\system32\d3d11.dll
0x00007ffad82c0000 - 0x00007ffad845c000 	C:\WINDOWS\system32\dcomp.dll
0x00007ffad93e0000 - 0x00007ffad949b000 	C:\WINDOWS\system32\dxgi.dll
0x00007ffad8f10000 - 0x00007ffad90c8000 	C:\WINDOWS\system32\twinapi.appcore.dll
0x00007ffad8e90000 - 0x00007ffad8eb1000 	C:\WINDOWS\system32\RMCLIENT.dll
0x000000005fd00000 - 0x000000005fd11000 	C:\Program Files\Java\jdk1.8.0_131\jre\bin\nio.dll
0x000000005fac0000 - 0x000000005fb02000 	C:\Program Files\Java\jdk1.8.0_131\jre\bin\t2k.dll
0x00007ffad1420000 - 0x00007ffad14b8000 	C:\WINDOWS\System32\TextInputFramework.dll
0x00007ffad8460000 - 0x00007ffad853a000 	C:\WINDOWS\System32\CoreMessaging.dll
0x00007ffad40b0000 - 0x00007ffad43ce000 	C:\WINDOWS\System32\CoreUIComponents.dll
0x00007ffad9710000 - 0x00007ffad9741000 	C:\WINDOWS\SYSTEM32\ntmarta.dll
0x00007ffad5e30000 - 0x00007ffad5f7d000 	C:\WINDOWS\SYSTEM32\wintypes.dll
0x00007ffac91a0000 - 0x00007ffac9369000 	C:\WINDOWS\SYSTEM32\dbghelp.dll

VM Arguments:
jvm_args: -Dfile.encoding=UTF-8 
java_command: app.Projeto_GYM
java_class_path (initial): C:\Program Files\NetBeans 8.2\ide\modules\ext\postgresql-9.4.1209.jar;C:\Users\Elvis\Google Drive\UFRPE\elvinho _3, tapioca ^^ e Joanne _-_\2018.1\FBD\Projeto\Projeto_GYM\bibliotecas_GYM\jcalendar-1.4.jar;C:\Users\Elvis\Google Drive\UFRPE\elvinho _3, tapioca ^^ e Joanne _-_\2018.1\FBD\Projeto\Projeto_GYM\build\classes
Launcher Type: SUN_STANDARD

Environment Variables:
PATH=C:\ProgramData\Oracle\Java\javapath;C:\Program Files (x86)\Common Files\Intel\Shared Files\cpp\bin\Intel64;C:\WINDOWS\system32;C:\WINDOWS;C:\WINDOWS\System32\Wbem;C:\WINDOWS\System32\WindowsPowerShell\v1.0\;C:\Program Files (x86)\GtkSharp\2.12\bin;C:\Apache-svn\bin;C:\Program Files\TortoiseSVN\bin;C:\WINDOWS\System32\OpenSSH\;C:\Program Files\Git\cmd;C:\Users\Elvis\AppData\Local\Microsoft\WindowsApps;
USERNAME=Elvis
OS=Windows_NT
PROCESSOR_IDENTIFIER=Intel64 Family 6 Model 42 Stepping 7, GenuineIntel



---------------  S Y S T E M  ---------------

OS: Windows 10.0 , 64 bit Build 17134 (10.0.17134.1)

CPU:total 4 (initial active 4) (2 cores per cpu, 2 threads per core) family 6 model 42 stepping 7, cmov, cx8, fxsr, mmx, sse, sse2, sse3, ssse3, sse4.1, sse4.2, popcnt, avx, clmul, ht, tsc, tscinvbit

Memory: 4k page, physical 4039316k(810828k free), swap 6267540k(1650944k free)

vm_info: Java HotSpot(TM) 64-Bit Server VM (25.131-b11) for windows-amd64 JRE (1.8.0_131-b11), built on Mar 15 2017 01:23:53 by "java_re" with MS VC++ 10.0 (VS2010)

time: Fri Aug 10 00:19:29 2018
elapsed time: 1 seconds (0d 0h 0m 1s)

